#
# A fatal error has been detected by the Java Runtime Environment:
#
#  EXCEPTION_ACCESS_VIOLATION (0xc0000005) at pc=0x00007fff2f902224, pid=9272, tid=1280
#
# JRE version: Java(TM) SE Runtime Environment (8.0_60-b27) (build 1.8.0_60-b27)
# Java VM: Java HotSpot(TM) 64-Bit Server VM (25.60-b23 mixed mode windows-amd64 compressed oops)
# Problematic frame:
# C  [OPENGL32.dll+0xe2224]
#
# Failed to write core dump. Minidumps are not enabled by default on client versions of Windows
#
# If you would like to submit a bug report, please visit:
#   http://bugreport.java.com/bugreport/crash.jsp
#

---------------  T H R E A D  ---------------

Current thread (0x0000000014a68000):  VMThread [stack: 0x0000000015af0000,0x0000000015bf0000] [id=1280]

siginfo: ExceptionCode=0xc0000005, reading address 0x0000000000000a38

Registers:
RAX=0x0000000000000000, RBX=0x000000002ff12790, RCX=0x0000000000000001, RDX=0x000000002ff12798
RSP=0x0000000015bef048, RBP=0x0000000000000000, RSI=0x000000002ff162e0, RDI=0x000000002ff162e0
R8 =0x0000000015bef0c8, R9 =0x0000000014975400, R10=0x0000000000000042, R11=0x0000000000000000
R12=0x0000000000000000, R13=0x0000000030029608, R14=0x00000000300294c0, R15=0x0000000000000000
RIP=0x00007fff2f902224, EFLAGS=0x0000000000010287

Top of Stack: (sp=0x0000000015bef048)
0x0000000015bef048:   00007fff2e3044eb 0000000000000001
0x0000000015bef058:   000000002ff12798 0000000015bef0c8
0x0000000015bef068:   0000000014975400 0000000000000000
0x0000000015bef078:   00007fff2e309fb7 0000000000000000
0x0000000015bef088:   0000000000000000 00000000300295f0
0x0000000015bef098:   00007fff2e309323 fffffffffffffffe
0x0000000015bef0a8:   0000000015bef110 0000000000000000
0x0000000015bef0b8:   00007fff2e30a869 000000002ff162e0
0x0000000015bef0c8:   0000000030028df0 0000000014975400
0x0000000015bef0d8:   00007fff2e36a910 fffffffffffffffe
0x0000000015bef0e8:   000000003002bb10 0000000000000001
0x0000000015bef0f8:   00000000300295e8 00000000300294c0
0x0000000015bef108:   00007fff2e372a31 00007fff2e494790
0x0000000015bef118:   00007fff2e3d7ad0 0000000014975400
0x0000000015bef128:   000000000000002f 00000000300295e8
0x0000000015bef138:   00000000300294c0 00000000300294c0 

Instructions: (pc=0x00007fff2f902224)
0x00007fff2f902204:   cc cc cc cc cc cc 66 0f 1f 44 00 00 8b 05 f2 7d
0x00007fff2f902214:   01 00 83 f8 40 73 0f 65 48 8b 04 c5 80 14 00 00
0x00007fff2f902224:   ff a0 38 0a 00 00 b8 47 01 00 00 e9 ec d4 ff ff
0x00007fff2f902234:   cc cc cc cc cc cc 66 0f 1f 44 00 00 8b 05 c2 7d 


Register to memory mapping:

RAX=0x0000000000000000 is an unknown value
RBX=0x000000002ff12790 is an unknown value
RCX=0x0000000000000001 is an unknown value
RDX=0x000000002ff12798 is an unknown value
RSP=0x0000000015bef048 is an unknown value
RBP=0x0000000000000000 is an unknown value
RSI=0x000000002ff162e0 is an unknown value
RDI=0x000000002ff162e0 is an unknown value
R8 =0x0000000015bef0c8 is an unknown value
R9 =0x0000000014975400 is an unknown value
R10=0x0000000000000042 is an unknown value
R11=0x0000000000000000 is an unknown value
R12=0x0000000000000000 is an unknown value
R13=0x0000000030029608 is an unknown value
R14=0x00000000300294c0 is an unknown value
R15=0x0000000000000000 is an unknown value


Stack: [0x0000000015af0000,0x0000000015bf0000],  sp=0x0000000015bef048,  free space=1020k
Native frames: (J=compiled Java code, j=interpreted, Vv=VM code, C=native code)

VM_Operation (0x000000000237e300): Exit, mode: safepoint, requested by thread 0x0000000002384800


---------------  P R O C E S S  ---------------

Java Threads: ( => current thread )
  0x00000000196f5800 JavaThread "File IO Thread" [_thread_blocked, id=10792, stack(0x000000004b390000,0x000000004b490000)]
  0x00000000196f1800 JavaThread "pool-2-thread-1" [_thread_blocked, id=9936, stack(0x000000004b090000,0x000000004b190000)]
  0x00000000196f4000 JavaThread "Netty IO #1" daemon [_thread_blocked, id=7868, stack(0x000000004af90000,0x000000004b090000)]
  0x00000000196f1000 JavaThread "Netty Client IO #0" daemon [_thread_blocked, id=3980, stack(0x000000004ae90000,0x000000004af90000)]
  0x00000000391c9000 JavaThread "Netty IO #0" daemon [_thread_blocked, id=8208, stack(0x000000004ac90000,0x000000004ad90000)]
  0x000000001985d000 JavaThread "LWJGL Timer" daemon [_thread_blocked, id=12336, stack(0x000000002b3a0000,0x000000002b4a0000)]
  0x000000001ba14800 JavaThread "Java2D Disposer" daemon [_thread_blocked, id=8016, stack(0x000000001adb0000,0x000000001aeb0000)]
  0x000000001863a800 JavaThread "Timer hack thread" daemon [_thread_blocked, id=1244, stack(0x000000001acb0000,0x000000001adb0000)]
  0x00000000188c7800 JavaThread "Snooper Timer" daemon [_thread_blocked, id=5456, stack(0x0000000019dd0000,0x0000000019ed0000)]
  0x0000000014afe000 JavaThread "Service Thread" daemon [_thread_blocked, id=7988, stack(0x00000000167f0000,0x00000000168f0000)]
  0x0000000014aa9800 JavaThread "C1 CompilerThread2" daemon [_thread_blocked, id=1136, stack(0x00000000162f0000,0x00000000163f0000)]
  0x0000000014ab5000 JavaThread "C2 CompilerThread1" daemon [_thread_blocked, id=7820, stack(0x00000000161f0000,0x00000000162f0000)]
  0x0000000014aa2000 JavaThread "C2 CompilerThread0" daemon [_thread_blocked, id=5632, stack(0x00000000160f0000,0x00000000161f0000)]
  0x0000000014aa0800 JavaThread "Attach Listener" daemon [_thread_blocked, id=1236, stack(0x0000000015ff0000,0x00000000160f0000)]
  0x0000000014aac000 JavaThread "Signal Dispatcher" daemon [_thread_blocked, id=12664, stack(0x0000000015ef0000,0x0000000015ff0000)]
  0x000000000247c800 JavaThread "Finalizer" daemon [_thread_blocked, id=6184, stack(0x0000000015cf0000,0x0000000015df0000)]
  0x0000000002472800 JavaThread "Reference Handler" daemon [_thread_blocked, id=1544, stack(0x0000000015bf0000,0x0000000015cf0000)]
  0x0000000002384800 JavaThread "Client thread" [_thread_blocked, id=11856, stack(0x0000000002280000,0x0000000002380000)]

Other Threads:
=>0x0000000014a68000 VMThread [stack: 0x0000000015af0000,0x0000000015bf0000] [id=1280]

VM state:at safepoint (shutting down)

VM Mutex/Monitor currently owned by a thread:  ([mutex/lock_event])
[0x0000000002381bd0] Threads_lock - owner thread: 0x0000000014a68000

Heap:
 PSYoungGen      total 262144K, used 250299K [0x00000000eb100000, 0x0000000100000000, 0x0000000100000000)
  eden space 218112K, 94% used [0x00000000eb100000,0x00000000f7a6ef10,0x00000000f8600000)
  from space 44032K, 100% used [0x00000000fd500000,0x0000000100000000,0x0000000100000000)
  to   space 62464K, 0% used [0x00000000f8600000,0x00000000f8600000,0x00000000fc300000)
 ParOldGen       total 236544K, used 149088K [0x00000000c1200000, 0x00000000cf900000, 0x00000000eb100000)
  object space 236544K, 63% used [0x00000000c1200000,0x00000000ca3981f0,0x00000000cf900000)
 Metaspace       used 45986K, capacity 46325K, committed 46848K, reserved 1091584K
  class space    used 5381K, capacity 5509K, committed 5632K, reserved 1048576K

Card table byte_map: [0x0000000011840000,0x0000000011a40000] byte_map_base: 0x0000000011237000

Marking Bits: (ParMarkBitMap*) 0x0000000052b6a5b0
 Begin Bits: [0x0000000011f90000, 0x0000000012f48000)
 End Bits:   [0x0000000012f48000, 0x0000000013f00000)

Polling page: 0x0000000000920000

CodeCache: size=245760Kb used=36586Kb max_used=37867Kb free=209173Kb
 bounds [0x0000000002480000, 0x0000000004a50000, 0x0000000011480000]
 total_blobs=8910 nmethods=8028 adapters=792
 compilation: enabled

Compilation events (10 events):
Event: 162.097 Thread 0x0000000014aa9800 nmethod 11955 0x00000000029b2ed0 code [0x00000000029b30e0, 0x00000000029b3a78]
Event: 162.097 Thread 0x0000000014aa9800 11956       3       java.util.Collections$UnmodifiableSet::<init> (6 bytes)
Event: 162.098 Thread 0x0000000014aa9800 nmethod 11956 0x0000000003889310 code [0x0000000003889480, 0x00000000038897a8]
Event: 162.100 Thread 0x0000000014aa9800 11957       1       com.google.common.cache.LocalCache$StrongValueReference::get (5 bytes)
Event: 162.100 Thread 0x0000000014aa9800 nmethod 11957 0x0000000004616a10 code [0x0000000004616b60, 0x0000000004616c70]
Event: 162.112 Thread 0x0000000014ab5000 nmethod 11953 0x0000000003a5eb10 code [0x0000000003a5ece0, 0x0000000003a5f688]
Event: 162.266 Thread 0x0000000014aa9800 11958       3       org.apache.logging.log4j.core.helpers.NameUtil::getSubName (32 bytes)
Event: 162.266 Thread 0x0000000014aa9800 nmethod 11958 0x000000000374d010 code [0x000000000374d1a0, 0x000000000374d738]
Event: 162.268 Thread 0x0000000014aa9800 11959       1       org.apache.logging.log4j.core.config.LoggerConfig::getLevel (5 bytes)
Event: 162.269 Thread 0x0000000014aa9800 nmethod 11959 0x0000000004616750 code [0x00000000046168a0, 0x00000000046169b0]

GC Heap History (10 events):
Event: 129.542 GC heap before
{Heap before GC invocations=81 (full 8):
 PSYoungGen      total 289280K, used 251776K [0x00000000eb100000, 0x00000000ff780000, 0x0000000100000000)
  eden space 247296K, 100% used [0x00000000eb100000,0x00000000fa280000,0x00000000fa280000)
  from space 41984K, 10% used [0x00000000fce80000,0x00000000fd2e0000,0x00000000ff780000)
  to   space 43520K, 0% used [0x00000000fa280000,0x00000000fa280000,0x00000000fcd00000)
 ParOldGen       total 236544K, used 152386K [0x00000000c1200000, 0x00000000cf900000, 0x00000000eb100000)
  object space 236544K, 64% used [0x00000000c1200000,0x00000000ca6d09d8,0x00000000cf900000)
 Metaspace       used 45295K, capacity 45709K, committed 46208K, reserved 1089536K
  class space    used 5351K, capacity 5503K, committed 5504K, reserved 1048576K
Event: 129.549 GC heap after
Heap after GC invocations=81 (full 8):
 PSYoungGen      total 290816K, used 4288K [0x00000000eb100000, 0x00000000ffd80000, 0x0000000100000000)
  eden space 247296K, 0% used [0x00000000eb100000,0x00000000eb100000,0x00000000fa280000)
  from space 43520K, 9% used [0x00000000fa280000,0x00000000fa6b0000,0x00000000fcd00000)
  to   space 41472K, 0% used [0x00000000fd500000,0x00000000fd500000,0x00000000ffd80000)
 ParOldGen       total 236544K, used 152386K [0x00000000c1200000, 0x00000000cf900000, 0x00000000eb100000)
  object space 236544K, 64% used [0x00000000c1200000,0x00000000ca6d09d8,0x00000000cf900000)
 Metaspace       used 45295K, capacity 45709K, committed 46208K, reserved 1089536K
  class space    used 5351K, capacity 5503K, committed 5504K, reserved 1048576K
}
Event: 130.041 GC heap before
{Heap before GC invocations=82 (full 8):
 PSYoungGen      total 290816K, used 45584K [0x00000000eb100000, 0x00000000ffd80000, 0x0000000100000000)
  eden space 247296K, 16% used [0x00000000eb100000,0x00000000ed954030,0x00000000fa280000)
  from space 43520K, 9% used [0x00000000fa280000,0x00000000fa6b0000,0x00000000fcd00000)
  to   space 41472K, 0% used [0x00000000fd500000,0x00000000fd500000,0x00000000ffd80000)
 ParOldGen       total 236544K, used 152386K [0x00000000c1200000, 0x00000000cf900000, 0x00000000eb100000)
  object space 236544K, 64% used [0x00000000c1200000,0x00000000ca6d09d8,0x00000000cf900000)
 Metaspace       used 45344K, capacity 45773K, committed 46208K, reserved 1089536K
  class space    used 5354K, capacity 5503K, committed 5504K, reserved 1048576K
Event: 130.050 GC heap after
Heap after GC invocations=82 (full 8):
 PSYoungGen      total 293888K, used 6126K [0x00000000eb100000, 0x00000000ff880000, 0x0000000100000000)
  eden space 257536K, 0% used [0x00000000eb100000,0x00000000eb100000,0x00000000fac80000)
  from space 36352K, 16% used [0x00000000fd500000,0x00000000fdafb8b0,0x00000000ff880000)
  to   space 38912K, 0% used [0x00000000fac80000,0x00000000fac80000,0x00000000fd280000)
 ParOldGen       total 236544K, used 152698K [0x00000000c1200000, 0x00000000cf900000, 0x00000000eb100000)
  object space 236544K, 64% used [0x00000000c1200000,0x00000000ca71e9d8,0x00000000cf900000)
 Metaspace       used 45344K, capacity 45773K, committed 46208K, reserved 1089536K
  class space    used 5354K, capacity 5503K, committed 5504K, reserved 1048576K
}
Event: 130.050 GC heap before
{Heap before GC invocations=83 (full 9):
 PSYoungGen      total 293888K, used 6126K [0x00000000eb100000, 0x00000000ff880000, 0x0000000100000000)
  eden space 257536K, 0% used [0x00000000eb100000,0x00000000eb100000,0x00000000fac80000)
  from space 36352K, 16% used [0x00000000fd500000,0x00000000fdafb8b0,0x00000000ff880000)
  to   space 38912K, 0% used [0x00000000fac80000,0x00000000fac80000,0x00000000fd280000)
 ParOldGen       total 236544K, used 152698K [0x00000000c1200000, 0x00000000cf900000, 0x00000000eb100000)
  object space 236544K, 64% used [0x00000000c1200000,0x00000000ca71e9d8,0x00000000cf900000)
 Metaspace       used 45344K, capacity 45773K, committed 46208K, reserved 1089536K
  class space    used 5354K, capacity 5503K, committed 5504K, reserved 1048576K
Event: 130.465 GC heap after
Heap after GC invocations=83 (full 9):
 PSYoungGen      total 293888K, used 0K [0x00000000eb100000, 0x00000000ff880000, 0x0000000100000000)
  eden space 257536K, 0% used [0x00000000eb100000,0x00000000eb100000,0x00000000fac80000)
  from space 36352K, 0% used [0x00000000fd500000,0x00000000fd500000,0x00000000ff880000)
  to   space 38912K, 0% used [0x00000000fac80000,0x00000000fac80000,0x00000000fd280000)
 ParOldGen       total 236544K, used 122961K [0x00000000c1200000, 0x00000000cf900000, 0x00000000eb100000)
  object space 236544K, 51% used [0x00000000c1200000,0x00000000c8a14668,0x00000000cf900000)
 Metaspace       used 45344K, capacity 45773K, committed 46208K, reserved 1089536K
  class space    used 5354K, capacity 5503K, committed 5504K, reserved 1048576K
}
Event: 133.704 GC heap before
{Heap before GC invocations=84 (full 9):
 PSYoungGen      total 293888K, used 257536K [0x00000000eb100000, 0x00000000ff880000, 0x0000000100000000)
  eden space 257536K, 100% used [0x00000000eb100000,0x00000000fac80000,0x00000000fac80000)
  from space 36352K, 0% used [0x00000000fd500000,0x00000000fd500000,0x00000000ff880000)
  to   space 38912K, 0% used [0x00000000fac80000,0x00000000fac80000,0x00000000fd280000)
 ParOldGen       total 236544K, used 122961K [0x00000000c1200000, 0x00000000cf900000, 0x00000000eb100000)
  object space 236544K, 51% used [0x00000000c1200000,0x00000000c8a14668,0x00000000cf900000)
 Metaspace       used 45403K, capacity 45837K, committed 46464K, reserved 1089536K
  class space    used 5355K, capacity 5503K, committed 5504K, reserved 1048576K
Event: 133.718 GC heap after
Heap after GC invocations=84 (full 9):
 PSYoungGen      total 296448K, used 31520K [0x00000000eb100000, 0x0000000100000000, 0x0000000100000000)
  eden space 257536K, 0% used [0x00000000eb100000,0x00000000eb100000,0x00000000fac80000)
  from space 38912K, 81% used [0x00000000fac80000,0x00000000fcb48000,0x00000000fd280000)
  to   space 44032K, 0% used [0x00000000fd500000,0x00000000fd500000,0x0000000100000000)
 ParOldGen       total 236544K, used 122969K [0x00000000c1200000, 0x00000000cf900000, 0x00000000eb100000)
  object space 236544K, 51% used [0x00000000c1200000,0x00000000c8a16668,0x00000000cf900000)
 Metaspace       used 45403K, capacity 45837K, committed 46464K, reserved 1089536K
  class space    used 5355K, capacity 5503K, committed 5504K, reserved 1048576K
}
Event: 144.411 GC heap before
{Heap before GC invocations=85 (full 9):
 PSYoungGen      total 296448K, used 289056K [0x00000000eb100000, 0x0000000100000000, 0x0000000100000000)
  eden space 257536K, 100% used [0x00000000eb100000,0x00000000fac80000,0x00000000fac80000)
  from space 38912K, 81% used [0x00000000fac80000,0x00000000fcb48000,0x00000000fd280000)
  to   space 44032K, 0% used [0x00000000fd500000,0x00000000fd500000,0x0000000100000000)
 ParOldGen       total 236544K, used 122969K [0x00000000c1200000, 0x00000000cf900000, 0x00000000eb100000)
  object space 236544K, 51% used [0x00000000c1200000,0x00000000c8a16668,0x00000000cf900000)
 Metaspace       used 45583K, capacity 45995K, committed 46592K, reserved 1089536K
  class space    used 5362K, capacity 5508K, committed 5632K, reserved 1048576K
Event: 144.436 GC heap after
Heap after GC invocations=85 (full 9):
 PSYoungGen      total 262144K, used 44032K [0x00000000eb100000, 0x0000000100000000, 0x0000000100000000)
  eden space 218112K, 0% used [0x00000000eb100000,0x00000000eb100000,0x00000000f8600000)
  from space 44032K, 100% used [0x00000000fd500000,0x0000000100000000,0x0000000100000000)
  to   space 62464K, 0% used [0x00000000f8600000,0x00000000f8600000,0x00000000fc300000)
 ParOldGen       total 236544K, used 149088K [0x00000000c1200000, 0x00000000cf900000, 0x00000000eb100000)
  object space 236544K, 63% used [0x00000000c1200000,0x00000000ca3981f0,0x00000000cf900000)
 Metaspace       used 45583K, capacity 45995K, committed 46592K, reserved 1089536K
  class space    used 5362K, capacity 5508K, committed 5632K, reserved 1048576K
}

Deoptimization events (10 events):
Event: 162.027 Thread 0x00000000196f4000 Uncommon trap: reason=class_check action=maybe_recompile pc=0x0000000003b4d260 method=io.netty.util.concurrent.DefaultPromise.notifyListener0(Lio/netty/util/concurrent/Future;Lio/netty/util/concurrent/GenericFutureListener;)V @ 2
Event: 162.028 Thread 0x00000000196f1000 Uncommon trap: reason=unstable_if action=reinterpret pc=0x00000000033bad18 method=java.util.IdentityHashMap.closeDeletion(I)V @ 22
Event: 162.028 Thread 0x00000000196f4000 Uncommon trap: reason=unstable_if action=reinterpret pc=0x00000000033bad18 method=java.util.IdentityHashMap.closeDeletion(I)V @ 22
Event: 162.028 Thread 0x00000000196f1000 Uncommon trap: reason=unstable_if action=reinterpret pc=0x0000000003502794 method=io.netty.channel.local.LocalChannel.isActive()Z @ 5
Event: 162.028 Thread 0x00000000196f1000 Uncommon trap: reason=unstable_if action=reinterpret pc=0x0000000003967094 method=io.netty.channel.local.LocalChannel.isOpen()Z @ 5
Event: 162.028 Thread 0x00000000196f1000 Uncommon trap: reason=class_check action=maybe_recompile pc=0x000000000398e8dc method=java.util.HashSet.remove(Ljava/lang/Object;)Z @ 5
Event: 162.028 Thread 0x00000000196f1000 Uncommon trap: reason=unstable_if action=reinterpret pc=0x0000000003c98ae8 method=io.netty.channel.local.LocalChannel.isActive()Z @ 5
Event: 162.032 Thread 0x00000000196f4000 Uncommon trap: reason=class_check action=maybe_recompile pc=0x000000000398e8dc method=java.util.HashSet.remove(Ljava/lang/Object;)Z @ 5
Event: 162.103 Thread 0x00000000391c7000 Uncommon trap: reason=unstable_if action=reinterpret pc=0x000000000376bd6c method=com.google.common.collect.ImmutableMap.keySet()Lcom/google/common/collect/ImmutableSet; @ 6
Event: 162.257 Thread 0x0000000002384800 Uncommon trap: reason=unstable_if action=reinterpret pc=0x0000000002a58140 method=cpw.mods.fml.relauncher.FMLSecurityManager.checkPermission(Ljava/security/Permission;)V @ 23

Internal exceptions (10 events):
Event: 161.699 Thread 0x00000000391c5800 Exception <a 'java/lang/InterruptedException': sleep interrupted> (0x00000000f71ace40) thrown at [C:\re\workspace\8-2-build-windows-amd64-cygwin\jdk8u60\4407\hotspot\src\share\vm\prims\jvm.cpp, line 3215]
Event: 161.715 Thread 0x00000000391c5800 Exception <a 'java/lang/InterruptedException': sleep interrupted> (0x00000000f71ad098) thrown at [C:\re\workspace\8-2-build-windows-amd64-cygwin\jdk8u60\4407\hotspot\src\share\vm\prims\jvm.cpp, line 3215]
Event: 161.732 Thread 0x00000000391c5800 Exception <a 'java/lang/InterruptedException': sleep interrupted> (0x00000000f71ad2f0) thrown at [C:\re\workspace\8-2-build-windows-amd64-cygwin\jdk8u60\4407\hotspot\src\share\vm\prims\jvm.cpp, line 3215]
Event: 161.749 Thread 0x00000000391c5800 Exception <a 'java/lang/InterruptedException': sleep interrupted> (0x00000000f71ad548) thrown at [C:\re\workspace\8-2-build-windows-amd64-cygwin\jdk8u60\4407\hotspot\src\share\vm\prims\jvm.cpp, line 3215]
Event: 161.766 Thread 0x00000000391c5800 Exception <a 'java/lang/InterruptedException': sleep interrupted> (0x00000000f7217588) thrown at [C:\re\workspace\8-2-build-windows-amd64-cygwin\jdk8u60\4407\hotspot\src\share\vm\prims\jvm.cpp, line 3215]
Event: 161.766 Thread 0x00000000391c5800 Exception <a 'java/lang/InterruptedException': sleep interrupted> (0x00000000f72177e0) thrown at [C:\re\workspace\8-2-build-windows-amd64-cygwin\jdk8u60\4407\hotspot\src\share\vm\prims\jvm.cpp, line 3215]
Event: 161.782 Thread 0x00000000391c5800 Exception <a 'java/lang/InterruptedException': sleep interrupted> (0x00000000f7217a38) thrown at [C:\re\workspace\8-2-build-windows-amd64-cygwin\jdk8u60\4407\hotspot\src\share\vm\prims\jvm.cpp, line 3215]
Event: 161.972 Thread 0x00000000391c5800 Exception <a 'java/lang/InterruptedException': sleep interrupted> (0x00000000f7217c90) thrown at [C:\re\workspace\8-2-build-windows-amd64-cygwin\jdk8u60\4407\hotspot\src\share\vm\prims\jvm.cpp, line 3215]
Event: 161.998 Thread 0x00000000391c5800 Exception <a 'java/lang/InterruptedException': sleep interrupted> (0x00000000f7217f10) thrown at [C:\re\workspace\8-2-build-windows-amd64-cygwin\jdk8u60\4407\hotspot\src\share\vm\prims\jvm.cpp, line 3215]
Event: 162.098 Thread 0x00000000391c6000 Exception <a 'java/lang/InterruptedException': sleep interrupted> (0x00000000f76943c0) thrown at [C:\re\workspace\8-2-build-windows-amd64-cygwin\jdk8u60\4407\hotspot\src\share\vm\prims\jvm.cpp, line 3215]

Events (10 events):
Event: 162.260 Thread 0x00000000391c4800 Thread exited: 0x00000000391c4800
Event: 162.262 loading class javax/servlet/ServletContext
Event: 162.262 loading class javax/servlet/ServletContext done
Event: 162.267 Thread 0x00000000391ca000 Thread exited: 0x00000000391ca000
Event: 162.267 loading class javax/servlet/ServletContext
Event: 162.267 loading class javax/servlet/ServletContext done
Event: 162.270 Executing VM operation: RevokeBias
Event: 162.270 Executing VM operation: RevokeBias done
Event: 162.270 Thread 0x00000000391c8800 Thread exited: 0x00000000391c8800
Event: 162.271 Executing VM operation: Exit


Dynamic libraries:
0x00007ff762060000 - 0x00007ff762097000 	C:\Program Files\Java\jre1.8.0_60\bin\javaw.exe
0x00007fff4c860000 - 0x00007fff4ca21000 	C:\WINDOWS\SYSTEM32\ntdll.dll
0x00007fff4a250000 - 0x00007fff4a2fd000 	C:\WINDOWS\system32\KERNEL32.DLL
0x00007fff49830000 - 0x00007fff49a18000 	C:\WINDOWS\system32\KERNELBASE.dll
0x00007fff4c7b0000 - 0x00007fff4c857000 	C:\WINDOWS\system32\ADVAPI32.dll
0x00007fff49df0000 - 0x00007fff49e8d000 	C:\WINDOWS\system32\msvcrt.dll
0x00007fff4a300000 - 0x00007fff4a35b000 	C:\WINDOWS\system32\sechost.dll
0x00007fff4b0a0000 - 0x00007fff4b1bc000 	C:\WINDOWS\system32\RPCRT4.dll
0x00007fff4a9e0000 - 0x00007fff4ab36000 	C:\WINDOWS\system32\USER32.dll
0x00007fff4ab40000 - 0x00007fff4acc6000 	C:\WINDOWS\system32\GDI32.dll
0x00007fff45690000 - 0x00007fff45904000 	C:\WINDOWS\WinSxS\amd64_microsoft.windows.common-controls_6595b64144ccf1df_6.0.10586.0_none_8c15ae12515e1c22\COMCTL32.dll
0x00007fff4ad40000 - 0x00007fff4afbd000 	C:\WINDOWS\system32\combase.dll
0x00007fff495a0000 - 0x00007fff4960a000 	C:\WINDOWS\system32\bcryptPrimitives.dll
0x00007fff4a210000 - 0x00007fff4a24b000 	C:\WINDOWS\system32\IMM32.DLL
0x00000000520d0000 - 0x00000000521a2000 	C:\Program Files\Java\jre1.8.0_60\bin\msvcr100.dll
0x0000000052360000 - 0x0000000052be9000 	C:\Program Files\Java\jre1.8.0_60\bin\server\jvm.dll
0x00007fff4acd0000 - 0x00007fff4acd8000 	C:\WINDOWS\system32\PSAPI.DLL
0x00007fff45680000 - 0x00007fff4568a000 	C:\WINDOWS\SYSTEM32\VERSION.dll
0x00007fff470b0000 - 0x00007fff470d3000 	C:\WINDOWS\SYSTEM32\WINMM.dll
0x00007fff3f410000 - 0x00007fff3f419000 	C:\WINDOWS\SYSTEM32\WSOCK32.dll
0x00007fff4a860000 - 0x00007fff4a8cb000 	C:\WINDOWS\system32\WS2_32.dll
0x00007fff46f00000 - 0x00007fff46f2c000 	C:\WINDOWS\SYSTEM32\WINMMBASE.dll
0x00007fff49a20000 - 0x00007fff49a63000 	C:\WINDOWS\system32\cfgmgr32.dll
0x0000000052270000 - 0x000000005227f000 	C:\Program Files\Java\jre1.8.0_60\bin\verify.dll
0x0000000052240000 - 0x0000000052269000 	C:\Program Files\Java\jre1.8.0_60\bin\java.dll
0x0000000052220000 - 0x0000000052236000 	C:\Program Files\Java\jre1.8.0_60\bin\zip.dll
0x00007fff4b1d0000 - 0x00007fff4c72c000 	C:\WINDOWS\system32\SHELL32.dll
0x00007fff48ef0000 - 0x00007fff49535000 	C:\WINDOWS\system32\windows.storage.dll
0x00007fff4a060000 - 0x00007fff4a0b2000 	C:\WINDOWS\system32\shlwapi.dll
0x00007fff48e60000 - 0x00007fff48e6f000 	C:\WINDOWS\system32\kernel.appcore.dll
0x00007fff49610000 - 0x00007fff496c5000 	C:\WINDOWS\system32\shcore.dll
0x00007fff48e90000 - 0x00007fff48edb000 	C:\WINDOWS\system32\powrprof.dll
0x00007fff48e70000 - 0x00007fff48e84000 	C:\WINDOWS\system32\profapi.dll
0x00000000520c0000 - 0x00000000520cd000 	C:\Program Files\Java\jre1.8.0_60\bin\management.dll
0x0000000052200000 - 0x000000005221a000 	C:\Program Files\Java\jre1.8.0_60\bin\net.dll
0x00007fff48730000 - 0x00007fff4878c000 	C:\WINDOWS\system32\mswsock.dll
0x00000000521e0000 - 0x00000000521f1000 	C:\Program Files\Java\jre1.8.0_60\bin\nio.dll
0x00007fff3bb40000 - 0x00007fff3bb56000 	C:\WINDOWS\system32\napinsp.dll
0x00007fff3bb60000 - 0x00007fff3bb7a000 	C:\WINDOWS\system32\pnrpnsp.dll
0x00007fff46eb0000 - 0x00007fff46ec8000 	C:\WINDOWS\system32\NLAapi.dll
0x00007fff47880000 - 0x00007fff4792a000 	C:\WINDOWS\SYSTEM32\DNSAPI.dll
0x00007fff4b090000 - 0x00007fff4b098000 	C:\WINDOWS\system32\NSI.dll
0x00007fff3f210000 - 0x00007fff3f21d000 	C:\WINDOWS\System32\winrnr.dll
0x00007fff3f960000 - 0x00007fff3f96a000 	C:\Windows\System32\rasadhlp.dll
0x00007fff44300000 - 0x00007fff44338000 	C:\WINDOWS\SYSTEM32\IPHLPAPI.DLL
0x00007fff44280000 - 0x00007fff442e7000 	C:\WINDOWS\System32\fwpuclnt.dll
0x00007fff48d90000 - 0x00007fff48db9000 	C:\WINDOWS\SYSTEM32\bcrypt.dll
0x00000000521b0000 - 0x00000000521d4000 	C:\Program Files\Java\jre1.8.0_60\bin\sunec.dll
0x00007fff487e0000 - 0x00007fff487f7000 	C:\WINDOWS\SYSTEM32\CRYPTSP.dll
0x00007fff48470000 - 0x00007fff484a4000 	C:\WINDOWS\system32\rsaenh.dll
0x00007fff485c0000 - 0x00007fff485df000 	C:\WINDOWS\SYSTEM32\USERENV.dll
0x00007fff48900000 - 0x00007fff4890b000 	C:\WINDOWS\SYSTEM32\CRYPTBASE.dll
0x00007fff42b40000 - 0x00007fff42b56000 	C:\WINDOWS\SYSTEM32\dhcpcsvc6.DLL
0x00007fff42b20000 - 0x00007fff42b3a000 	C:\WINDOWS\SYSTEM32\dhcpcsvc.DLL
0x0000000180000000 - 0x0000000180051000 	C:\Users\Vincent\.gradle\caches\minecraft\net\minecraft\minecraft_natives\1.7.10\lwjgl64.dll
0x00007fff2f820000 - 0x00007fff2f949000 	C:\WINDOWS\SYSTEM32\OPENGL32.dll
0x00007fff3cb20000 - 0x00007fff3cb4e000 	C:\WINDOWS\SYSTEM32\GLU32.dll
0x00007fff2e890000 - 0x00007fff2e98a000 	C:\WINDOWS\SYSTEM32\DDRAW.dll
0x00007fff42030000 - 0x00007fff42038000 	C:\WINDOWS\SYSTEM32\DCIMAN32.dll
0x0000000051f20000 - 0x00000000520b8000 	C:\Program Files\Java\jre1.8.0_60\bin\awt.dll
0x00007fff4a790000 - 0x00007fff4a851000 	C:\WINDOWS\system32\OLEAUT32.dll
0x00007fff47650000 - 0x00007fff476c9000 	C:\WINDOWS\system32\apphelp.dll
0x00007fff477e0000 - 0x00007fff47876000 	C:\WINDOWS\system32\uxtheme.dll
0x00007fff49f00000 - 0x00007fff4a05a000 	C:\WINDOWS\system32\MSCTF.dll
0x00007fff3d9b0000 - 0x00007fff3d9f9000 	C:\Program Files (x86)\TeamViewer\tv_x64.dll
0x00007fff4a0c0000 - 0x00007fff4a203000 	C:\WINDOWS\system32\ole32.dll
0x00007fff39360000 - 0x00007fff3938b000 	C:\PROGRA~2\RAPTRI~1\PlaysTV\ltc_help64-109838.dll
0x00007fff49540000 - 0x00007fff49595000 	C:\WINDOWS\system32\WINTRUST.dll
0x00007fff48ee0000 - 0x00007fff48ef0000 	C:\WINDOWS\system32\MSASN1.dll
0x00007fff49a70000 - 0x00007fff49c37000 	C:\WINDOWS\system32\CRYPT32.dll
0x00007fff42000000 - 0x00007fff4202b000 	C:\PROGRA~2\RAPTRI~1\Raptr\ltc_help64-109838.dll
0x00007fff465a0000 - 0x00007fff465c2000 	C:\WINDOWS\system32\dwmapi.dll
0x00000000501d0000 - 0x0000000051f19000 	C:\WINDOWS\SYSTEM32\nvoglv64.DLL
0x00007fff4a360000 - 0x00007fff4a789000 	C:\WINDOWS\system32\SETUPAPI.dll
0x00007fff47190000 - 0x00007fff471a3000 	C:\WINDOWS\SYSTEM32\WTSAPI32.dll
0x00007fff47930000 - 0x00007fff47957000 	C:\WINDOWS\SYSTEM32\DEVOBJ.dll
0x00007fff48350000 - 0x00007fff48381000 	C:\WINDOWS\SYSTEM32\ntmarta.dll
0x00007fff48c90000 - 0x00007fff48ce6000 	C:\WINDOWS\SYSTEM32\WINSTA.dll
0x00007fff45db0000 - 0x00007fff45e41000 	C:\WINDOWS\SYSTEM32\mscms.dll
0x00007fff37f10000 - 0x00007fff37f52000 	C:\WINDOWS\SYSTEM32\icm32.dll
0x0000000070a40000 - 0x0000000070adc000 	C:\Users\Vincent\.gradle\caches\minecraft\net\minecraft\minecraft_natives\1.7.10\avutil-ttv-51.dll
0x0000000065980000 - 0x00000000659d6000 	C:\Users\Vincent\.gradle\caches\minecraft\net\minecraft\minecraft_natives\1.7.10\swresample-ttv-0.dll
0x000000006eb80000 - 0x000000006ec50000 	C:\Users\Vincent\.gradle\caches\minecraft\net\minecraft\minecraft_natives\1.7.10\libmp3lame-ttv.dll
0x00007fff29480000 - 0x00007fff2a824000 	C:\Users\Vincent\.gradle\caches\minecraft\net\minecraft\minecraft_natives\1.7.10\libmfxsw64.dll
0x00007fff2f4e0000 - 0x00007fff2f60b000 	C:\Users\Vincent\.gradle\caches\minecraft\net\minecraft\minecraft_natives\1.7.10\twitchsdk.dll
0x00007fff3f5a0000 - 0x00007fff3f849000 	C:\WINDOWS\SYSTEM32\WININET.dll
0x00007fff4b070000 - 0x00007fff4b08c000 	C:\WINDOWS\system32\imagehlp.dll
0x00007fff47e50000 - 0x00007fff47e74000 	C:\WINDOWS\SYSTEM32\gpapi.dll
0x00007fff3c750000 - 0x00007fff3c77f000 	C:\Windows\System32\cryptnet.dll
0x00007fff442f0000 - 0x00007fff442fb000 	C:\WINDOWS\SYSTEM32\WINNSI.DLL
0x00007fff2ed00000 - 0x00007fff2ef0d000 	C:\PROGRA~2\RAPTRI~1\PlaysTV\ltc_game64-109838.dll
0x00007fff2e2a0000 - 0x00007fff2e4b0000 	C:\PROGRA~2\RAPTRI~1\Raptr\ltc_game64-109838.dll
0x000000001e8d0000 - 0x000000001e934000 	C:\Users\Vincent\.gradle\caches\minecraft\net\minecraft\minecraft_natives\1.7.10\OpenAL64.dll
0x00007fff4afc0000 - 0x00007fff4b067000 	C:\WINDOWS\system32\clbcatq.dll
0x00007fff44d20000 - 0x00007fff44d90000 	C:\WINDOWS\System32\MMDevApi.dll
0x00007fff468f0000 - 0x00007fff46a76000 	C:\WINDOWS\System32\PROPSYS.dll
0x00007fff34000000 - 0x00007fff3409c000 	C:\WINDOWS\SYSTEM32\dsound.dll
0x00007fff312c0000 - 0x00007fff31348000 	C:\WINDOWS\SYSTEM32\AUDIOSES.DLL
0x00007fff45480000 - 0x00007fff455b6000 	C:\WINDOWS\SYSTEM32\wintypes.dll
0x0000000050190000 - 0x00000000501c1000 	C:\Program Files\Java\jre1.8.0_60\bin\jpeg.dll
0x00007fff35100000 - 0x00007fff3528c000 	C:\WINDOWS\SYSTEM32\dbghelp.dll

VM Arguments:
jvm_args: -Dfile.encoding=Cp1252 
java_command: GradleStart --username=vincent1906@live.nl --password=Wallie777
java_class_path (initial): C:\Users\Vincent\Desktop\Projectjes\GC Workspace\Vini's Moons\bin;C:\Users\Vincent\Desktop\Projectjes\GC Workspace\Forge\bin;C:\Users\Vincent\.gradle\caches\minecraft\net\minecraftforge\forge\1.7.10-10.13.4.1614-1.7.10\forgeSrc-1.7.10-10.13.4.1614-1.7.10.jar;C:\Users\Vincent\.gradle\caches\modules-2\files-2.1\net.minecraft\launchwrapper\1.12\111e7bea9c968cdb3d06ef4632bf7ff0824d0f36\launchwrapper-1.12.jar;C:\Users\Vincent\.gradle\caches\modules-2\files-2.1\com.google.code.findbugs\jsr305\1.3.9\40719ea6961c0cb6afaeb6a921eaa1f6afd4cfdf\jsr305-1.3.9.jar;C:\Users\Vincent\.gradle\caches\modules-2\files-2.1\org.ow2.asm\asm-debug-all\5.0.3\f9e364ae2a66ce2a543012a4668856e84e5dab74\asm-debug-all-5.0.3.jar;C:\Users\Vincent\.gradle\caches\modules-2\files-2.1\com.typesafe.akka\akka-actor_2.11\2.3.3\ed62e9fc709ca0f2ff1a3220daa8b70a2870078e\akka-actor_2.11-2.3.3.jar;C:\Users\Vincent\.gradle\caches\modules-2\files-2.1\com.typesafe\config\1.2.1\f771f71fdae3df231bcd54d5ca2d57f0bf93f467\config-1.2.1.jar;C:\Users\Vincent\.gradle\caches\modules-2\files-2.1\org.scala-lang\scala-actors-migration_2.11\1.1.0\dfa8bc42b181d5b9f1a5dd147f8ae308b893eb6f\scala-actors-migration_2.11-1.1.0.jar;C:\Users\Vincent\.gradle\caches\modules-2\files-2.1\org.scala-lang\scala-compiler\2.11.1\56ea2e6c025e0821f28d73ca271218b8dd04926a\scala-compiler-2.11.1.jar;C:\Users\Vincent\.gradle\caches\modules-2\files-2.1\org.scala-lang.plugins\scala-continuations-library_2.11\1.0.2\e517c53a7e9acd6b1668c5a35eccbaa3bab9aac\scala-continuations-library_2.11-1.0.2.jar;C:\Users\Vincent\.gradle\caches\modules-2\files-2.1\org.scala-lang.plugins\scala-continuations-plugin_2.11.1\1.0.2\f361a3283452c57fa30c1ee69448995de23c60f7\scala-continuations-plugin_2.11.1-1.0.2.jar;C:\Users\Vincent\.gradle\caches\modules-2\files-2.1\org.scala-lang\scala-library\2.11.1\e11da23da3eabab9f4777b9220e60d44c1aab6a\scala-library-2.11.1.jar;C:\Users\Vincent\.gradle\caches\modules-2\files-2.1\org.scala-lang\scala-parser-combi
Launcher Type: SUN_STANDARD

Environment Variables:
CLASSPATH=.;C:\Program Files (x86)\Java\jre1.8.0_60\lib\ext\QTJava.zip
PATH=C:/Program Files/Java/jre1.8.0_60/bin/server;C:/Program Files/Java/jre1.8.0_60/bin;C:/Program Files/Java/jre1.8.0_60/lib/amd64;C:\Program Files (x86)\NVIDIA Corporation\PhysX\Common;C:\Program Files\Common Files\Microsoft Shared\Windows Live;C:\Program Files (x86)\Common Files\Microsoft Shared\Windows Live;C:\ProgramData\Oracle\Java\javapath;C:\Windows\system32;C:\Windows;C:\Windows\System32\Wbem;C:\Windows\System32\WindowsPowerShell\v1.0\;C:\Program Files (x86)\Common Files\Acronis\SnapAPI\;C:\WINDOWS\system32;C:\WINDOWS;C:\WINDOWS\System32\Wbem;C:\WINDOWS\System32\WindowsPowerShell\v1.0\;C:\Program Files (x86)\Skype\Phone\;C:\Program Files (x86)\QuickTime\QTSystem\;C:\eclipse;
USERNAME=Vincent
OS=Windows_NT
PROCESSOR_IDENTIFIER=Intel64 Family 6 Model 37 Stepping 2, GenuineIntel



---------------  S Y S T E M  ---------------

OS: Windows 10.0 , 64 bit Build 10586 (10.0.10586.0)

CPU:total 4 (2 cores per cpu, 2 threads per core) family 6 model 37 stepping 2, cmov, cx8, fxsr, mmx, sse, sse2, sse3, ssse3, sse4.1, sse4.2, popcnt, ht, tsc, tscinvbit

Memory: 4k page, physical 4119664k(584480k free), swap 10341168k(2910420k free)

vm_info: Java HotSpot(TM) 64-Bit Server VM (25.60-b23) for windows-amd64 JRE (1.8.0_60-b27), built on Aug  4 2015 11:06:27 by "java_re" with MS VC++ 10.0 (VS2010)

time: Mon Mar 07 10:46:13 2016
elapsed time: 162 seconds (0d 0h 2m 42s)

