[11:37:56] [main/INFO]: Logging in with username & password
[11:38:07] [main/INFO]: Setting user: vinic00kie
[11:38:11] [Client thread/INFO]: LWJGL Version: 2.9.1
[11:38:31] [Client thread/INFO]: Reloading ResourceManager: Default, FMLFileResourcePack:Forge Mod Loader, FMLFileResourcePack:Minecraft Forge, FMLFileResourcePack:Vinic00kie's moon, FMLFileResourcePack:Example Mod, FMLFileResourcePack:Galacticraft Core
[11:38:34] [Sound Library Loader/INFO]: Sound engine started
[11:38:40] [Client thread/INFO]: Created: 16x16 textures/blocks-atlas
[11:38:40] [Client thread/INFO]: Created: 16x16 textures/items-atlas
[11:38:44] [Client thread/INFO]: Reloading ResourceManager: Default, FMLFileResourcePack:Forge Mod Loader, FMLFileResourcePack:Minecraft Forge, FMLFileResourcePack:Vinic00kie's moon, FMLFileResourcePack:Example Mod, FMLFileResourcePack:Galacticraft Core
[11:38:46] [Client thread/INFO]: Created: 512x512 textures/blocks-atlas
[11:38:46] [Client thread/INFO]: Created: 1024x512 textures/items-atlas
[11:38:47] [Sound Library Loader/INFO]: Sound engine started
[11:39:01] [Server thread/INFO]: Starting integrated minecraft server version 1.7.10
[11:39:01] [Server thread/INFO]: Generating keypair
[11:39:01] [Server thread/INFO]: Converting map!
[11:39:01] [Server thread/INFO]: Scanning folders...
[11:39:01] [Server thread/INFO]: Total conversion count is 0
[11:39:02] [Server thread/INFO]: Preparing start region for level 0
[11:39:03] [Server thread/INFO]: Preparing spawn area: 4%
[11:39:04] [Server thread/INFO]: Preparing spawn area: 10%
[11:39:05] [Server thread/INFO]: Preparing spawn area: 18%
[11:39:06] [Server thread/INFO]: Preparing spawn area: 27%
[11:39:07] [Server thread/INFO]: Preparing spawn area: 39%
[11:39:08] [Server thread/INFO]: Preparing spawn area: 51%
[11:39:09] [Server thread/INFO]: Preparing spawn area: 65%
[11:39:10] [Server thread/INFO]: Preparing spawn area: 77%
[11:39:11] [Server thread/INFO]: Preparing spawn area: 88%
[11:39:12] [Server thread/INFO]: Preparing spawn area: 97%
[11:39:13] [Server thread/INFO]: Changing view distance to 12, from 10
[11:39:14] [Server thread/INFO]: vinic00kie[local:E:e2377ca9] logged in with entity id 165 at (-225.5, 72.0, 242.5)
[11:39:14] [Server thread/INFO]: vinic00kie joined the game
[11:39:18] [Thread-13/INFO]: [CHAT] §7New §3Galacticraft§7 version available! v3.0.12§1 http://micdoodle8.com/
[11:39:20] [Server thread/WARN]: Can't keep up! Did the system time change, or is the server overloaded? Running 6621ms behind, skipping 132 tick(s)
[11:39:30] [Server thread/INFO]: [vinic00kie: §7[vinic00kie was sent into the atmosphere]]
[11:39:31] [Client thread/INFO]: [CHAT] §7[vinic00kie was sent into the atmosphere]
[11:39:52] [Client thread/INFO]: Warning: Clientside chunk ticking took 143 ms
[11:40:01] [Client thread/INFO]: Warning: Clientside chunk ticking took 196 ms
[11:40:28] [Client thread/INFO]: Warning: Clientside chunk ticking took 108 ms
[11:40:29] [Client thread/INFO]: Warning: Clientside chunk ticking took 255 ms
[11:40:30] [Client thread/INFO]: Warning: Clientside chunk ticking took 119 ms
[11:41:12] [Server thread/WARN]: Can't keep up! Did the system time change, or is the server overloaded? Running 77101ms behind, skipping 1542 tick(s)
[11:41:17] [Server thread/WARN]: Can't keep up! Did the system time change, or is the server overloaded? Running 4962ms behind, skipping 99 tick(s)
[11:41:40] [Server thread/WARN]: Can't keep up! Did the system time change, or is the server overloaded? Running 7971ms behind, skipping 159 tick(s)
[11:41:56] [Server thread/WARN]: Can't keep up! Did the system time change, or is the server overloaded? Running 8354ms behind, skipping 167 tick(s)
[11:42:16] [Server thread/WARN]: Can't keep up! Did the system time change, or is the server overloaded? Running 9645ms behind, skipping 192 tick(s)
[11:42:31] [Server thread/WARN]: Can't keep up! Did the system time change, or is the server overloaded? Running 6959ms behind, skipping 139 tick(s)
[11:42:55] [Server thread/WARN]: Can't keep up! Did the system time change, or is the server overloaded? Running 2444ms behind, skipping 48 tick(s)
[11:43:18] [Server thread/WARN]: Can't keep up! Did the system time change, or is the server overloaded? Running 10030ms behind, skipping 200 tick(s)
[11:43:30] [Server thread/WARN]: Can't keep up! Did the system time change, or is the server overloaded? Running 4042ms behind, skipping 80 tick(s)
[11:43:48] [Server thread/WARN]: Can't keep up! Did the system time change, or is the server overloaded? Running 4151ms behind, skipping 83 tick(s)
[11:44:12] [Server thread/WARN]: Can't keep up! Did the system time change, or is the server overloaded? Running 9836ms behind, skipping 196 tick(s)
[11:44:26] [Server thread/WARN]: Can't keep up! Did the system time change, or is the server overloaded? Running 6774ms behind, skipping 135 tick(s)
[11:44:44] [Server thread/WARN]: Can't keep up! Did the system time change, or is the server overloaded? Running 2408ms behind, skipping 48 tick(s)
[11:45:07] [Server thread/WARN]: Can't keep up! Did the system time change, or is the server overloaded? Running 9511ms behind, skipping 190 tick(s)
[11:45:21] [Server thread/WARN]: Can't keep up! Did the system time change, or is the server overloaded? Running 6574ms behind, skipping 131 tick(s)
[11:45:40] [Server thread/WARN]: Can't keep up! Did the system time change, or is the server overloaded? Running 2414ms behind, skipping 48 tick(s)
[11:46:12] [Server thread/WARN]: Can't keep up! Did the system time change, or is the server overloaded? Running 11666ms behind, skipping 233 tick(s)
[11:46:25] [Server thread/WARN]: Can't keep up! Did the system time change, or is the server overloaded? Running 5204ms behind, skipping 104 tick(s)
[11:46:38] [Server thread/WARN]: Can't keep up! Did the system time change, or is the server overloaded? Running 2393ms behind, skipping 47 tick(s)
[11:47:00] [Server thread/WARN]: Can't keep up! Did the system time change, or is the server overloaded? Running 8857ms behind, skipping 177 tick(s)
[11:47:14] [Server thread/WARN]: Can't keep up! Did the system time change, or is the server overloaded? Running 6657ms behind, skipping 133 tick(s)
[11:47:27] [Server thread/WARN]: Can't keep up! Did the system time change, or is the server overloaded? Running 2760ms behind, skipping 55 tick(s)
[11:47:49] [Server thread/WARN]: Can't keep up! Did the system time change, or is the server overloaded? Running 6496ms behind, skipping 129 tick(s)
[11:48:13] [Server thread/WARN]: Can't keep up! Did the system time change, or is the server overloaded? Running 10129ms behind, skipping 202 tick(s)
[11:48:38] [Server thread/WARN]: Can't keep up! Did the system time change, or is the server overloaded? Running 2386ms behind, skipping 47 tick(s)
[11:49:01] [Server thread/WARN]: Can't keep up! Did the system time change, or is the server overloaded? Running 9748ms behind, skipping 194 tick(s)
[11:49:15] [Server thread/WARN]: Can't keep up! Did the system time change, or is the server overloaded? Running 6475ms behind, skipping 129 tick(s)
[11:49:34] [Server thread/WARN]: Can't keep up! Did the system time change, or is the server overloaded? Running 2400ms behind, skipping 48 tick(s)
[11:49:59] [Server thread/WARN]: Can't keep up! Did the system time change, or is the server overloaded? Running 10146ms behind, skipping 202 tick(s)
[11:50:13] [Server thread/WARN]: Can't keep up! Did the system time change, or is the server overloaded? Running 6967ms behind, skipping 139 tick(s)
[11:50:30] [Server thread/WARN]: Can't keep up! Did the system time change, or is the server overloaded? Running 2637ms behind, skipping 52 tick(s)
[11:50:51] [Server thread/WARN]: Can't keep up! Did the system time change, or is the server overloaded? Running 8246ms behind, skipping 164 tick(s)
[11:51:04] [Server thread/WARN]: Can't keep up! Did the system time change, or is the server overloaded? Running 5846ms behind, skipping 116 tick(s)
[11:51:17] [Server thread/WARN]: Can't keep up! Did the system time change, or is the server overloaded? Running 2088ms behind, skipping 41 tick(s)
[11:51:37] [Server thread/WARN]: Can't keep up! Did the system time change, or is the server overloaded? Running 5833ms behind, skipping 116 tick(s)
[11:51:59] [Server thread/WARN]: Can't keep up! Did the system time change, or is the server overloaded? Running 9048ms behind, skipping 180 tick(s)
[11:52:11] [Server thread/WARN]: Can't keep up! Did the system time change, or is the server overloaded? Running 3764ms behind, skipping 75 tick(s)
[11:52:35] [Server thread/WARN]: Can't keep up! Did the system time change, or is the server overloaded? Running 2232ms behind, skipping 44 tick(s)
[11:53:04] [Server thread/WARN]: Can't keep up! Did the system time change, or is the server overloaded? Running 7482ms behind, skipping 149 tick(s)
[11:53:16] [Server thread/WARN]: Can't keep up! Did the system time change, or is the server overloaded? Running 3865ms behind, skipping 77 tick(s)
[11:53:35] [Server thread/WARN]: Can't keep up! Did the system time change, or is the server overloaded? Running 7296ms behind, skipping 145 tick(s)
[11:53:58] [Server thread/WARN]: Can't keep up! Did the system time change, or is the server overloaded? Running 9279ms behind, skipping 185 tick(s)
[11:54:21] [Server thread/WARN]: Can't keep up! Did the system time change, or is the server overloaded? Running 2197ms behind, skipping 43 tick(s)
[11:54:43] [Server thread/WARN]: Can't keep up! Did the system time change, or is the server overloaded? Running 6862ms behind, skipping 137 tick(s)
[11:57:17] [Server thread/WARN]: Can't keep up! Did the system time change, or is the server overloaded? Running 23931ms behind, skipping 478 tick(s)
[11:57:40] [Client thread/INFO]: [CHAT] §eI'll probably need a §bFrequency Module§e if I want to hear properly here.
[11:58:08] [Server thread/INFO]: Saving and pausing game...
[11:58:08] [Server thread/INFO]: Saving chunks for level 'New World'/Overworld
[11:58:08] [Server thread/INFO]: Saving chunks for level 'New World'/Nether
[11:58:08] [Server thread/INFO]: Saving chunks for level 'New World'/The End
[11:58:08] [Server thread/INFO]: Saving chunks for level 'New World'/moon.moon
[11:58:08] [Server thread/INFO]: Saving chunks for level 'New World'/moon.Harry!!!
[14:22:30] [Server thread/INFO]: Stopping server
[14:22:30] [Server thread/INFO]: Saving players
[14:22:30] [Server thread/INFO]: Saving worlds
[14:22:30] [Server thread/INFO]: Saving chunks for level 'New World'/Overworld
[14:22:30] [Server thread/INFO]: Saving chunks for level 'New World'/Nether
[14:22:30] [Server thread/INFO]: Saving chunks for level 'New World'/The End
[14:22:30] [Server thread/INFO]: Saving chunks for level 'New World'/moon.moon
[14:22:30] [Server thread/INFO]: Saving chunks for level 'New World'/moon.Harry!!!
[14:22:56] [Client thread/INFO]: Stopping!
